<?xml version="1.0" encoding="UTF-8"?>
<!-- Generated by org.testng.reporters.JUnitReportReporter -->
<testsuite name="SearchFunctionality.VerifyErrorMessage" tests="1" time="4.079" ignored="0" failures="0" timestamp="01 Mar 2021 07:04:24 GMT" skipped="0" hostname="DESKTOP-PG91RM2" errors="0">
  <testcase name="ErrorMessage" time="4.079" classname="SearchFunctionality.VerifyErrorMessage"/>
</testsuite> <!-- SearchFunctionality.VerifyErrorMessage -->
