<?xml version="1.0" encoding="UTF-8"?>
<!-- Generated by org.testng.reporters.JUnitReportReporter -->
<testsuite name="SearchFunctionality.VerifyTheSearchFunctionality" tests="1" time="12.044" ignored="0" failures="0" timestamp="01 Mar 2021 04:01:28 GMT" skipped="0" hostname="DESKTOP-PG91RM2" errors="0">
  <testcase name="SearchanItem" time="12.044" classname="SearchFunctionality.VerifyTheSearchFunctionality"/>
</testsuite> <!-- SearchFunctionality.VerifyTheSearchFunctionality -->
