<?xml version="1.0" encoding="UTF-8"?>
<!-- Generated by org.testng.reporters.JUnitReportReporter -->
<testsuite name="SearchFunctionality.VerifySearch" tests="1" time="12.823" ignored="0" failures="0" timestamp="01 Mar 2021 06:13:48 GMT" skipped="0" hostname="DESKTOP-PG91RM2" errors="0">
  <testcase name="SearchanItem" time="12.823" classname="SearchFunctionality.VerifySearch"/>
</testsuite> <!-- SearchFunctionality.VerifySearch -->
