<?xml version="1.0" encoding="UTF-8"?>
<!-- Generated by org.testng.reporters.JUnitReportReporter -->
<testsuite name="VerifySearchFunctionality" tests="1" time="20.535" ignored="0" failures="0" timestamp="01 Mar 2021 04:01:28 GMT" skipped="0" hostname="DESKTOP-PG91RM2" errors="0">
  <testcase name="SearchFunctionality" time="20.535" classname="VerifySearchFunctionality"/>
</testsuite> <!-- VerifySearchFunctionality -->
